<?xml version="1.0" encoding="UTF-8"?>
<!-- Generated by org.testng.reporters.JUnitReportReporter -->
<testsuite hostname="HDD11008" name="com.earn.Testcases.Reapeatchar" tests="2" failures="0" timestamp="29 Jun 2016 14:15:47 GMT" time="0.014" errors="0">
  <testcase name="A" time="0.012" classname="com.earn.Testcases.Reapeatchar"/>
  <testcase name="B" time="0.002" classname="com.earn.Testcases.Reapeatchar"/>
</testsuite> <!-- com.earn.Testcases.Reapeatchar -->
