<?xml version="1.0" encoding="UTF-8"?>
<!-- Generated by org.testng.reporters.JUnitReportReporter -->
<testsuite hostname="HDD11008" name="com.earn.Testcases.VerifyEarnLogin" tests="1" failures="0" timestamp="23 May 2016 07:19:33 GMT" time="13.172" errors="0">
  <testcase name="validlogin" time="13.172" classname="com.earn.Testcases.VerifyEarnLogin"/>
</testsuite> <!-- com.earn.Testcases.VerifyEarnLogin -->
